<?xml version="1.0" encoding="UTF-8"?>
<!-- Generated by org.testng.reporters.JUnitReportReporter -->
<testsuite hostname="RAMs-MBP" failures="0" tests="3" name="com.testing.ParallelTest" time="15.411" errors="0" timestamp="2023-12-20T23:21:52 EST" skipped="0">
  <testcase classname="com.testing.ParallelTest" name="openBrowser3" time="5.115"/>
  <testcase classname="com.testing.ParallelTest" name="openBrowser2" time="4.674"/>
  <testcase classname="com.testing.ParallelTest" name="openBrowser1" time="5.622"/>
</testsuite> <!-- com.testing.ParallelTest -->
