<?xml version="1.0" encoding="UTF-8"?>
<!-- Generated by org.testng.reporters.JUnitReportReporter -->
<testsuite hostname="RAMs-MBP" failures="0" tests="3" name="testng.NewTest" time="0.005" errors="0" timestamp="2023-12-20T00:14:45 EST" skipped="0">
  <testcase classname="testng.NewTest" name="getClickLogin" time="0.002"/>
  <testcase classname="testng.NewTest" name="getOpenBrowser" time="0.002"/>
  <testcase classname="testng.NewTest" name="getOpenURL" time="0.001"/>
</testsuite> <!-- testng.NewTest -->
