<?xml version="1.0" encoding="UTF-8"?>
<!-- Generated by org.testng.reporters.JUnitReportReporter -->
<testsuite hostname="RAMs-MBP" failures="0" tests="3" name="base.GetAPIwithTestng" time="0.057" errors="0" timestamp="2024-02-04T19:18:49 EST" skipped="0">
  <testcase classname="base.GetAPIwithTestng" name="getStatusCode" time="0.001"/>
  <testcase classname="base.GetAPIwithTestng" name="getPrint" time="0.050"/>
  <testcase classname="base.GetAPIwithTestng" name="getContenType" time="0.006"/>
</testsuite> <!-- base.GetAPIwithTestng -->
