<?xml version="1.0" encoding="UTF-8"?>
<!-- Generated by org.testng.reporters.JUnitReportReporter -->
<testsuite hostname="RAMs-MBP" failures="0" tests="4" name="testng.AutomationWithTestNG" time="30.326" errors="0" timestamp="2023-12-13T17:12:18 EST" skipped="0">
  <testcase classname="testng.AutomationWithTestNG" name="preSetup" time="15.442"/>
  <testcase classname="testng.AutomationWithTestNG" name="preSetup" time="7.484"/>
  <testcase classname="testng.AutomationWithTestNG" name="getLogin" time="0.023"/>
  <testcase classname="testng.AutomationWithTestNG" name="preSetup" time="7.377"/>
</testsuite> <!-- testng.AutomationWithTestNG -->
