<?xml version="1.0" encoding="UTF-8"?>
<!-- Generated by org.testng.reporters.JUnitReportReporter -->
<testsuite hostname="RAMs-MBP" failures="0" tests="3" name="testng.BasicAnnotationTesting" time="0.010" errors="0" timestamp="2024-02-04T18:39:00 EST" skipped="1">
  <testcase classname="testng.BasicAnnotationTesting" name="passTest" time="0.007"/>
  <testcase classname="testng.BasicAnnotationTesting" name="loginTest" time="0.003"/>
  <testcase classname="testng.BasicAnnotationTesting" name="userTest">
    <skipped/>
  </testcase> <!-- userTest -->
</testsuite> <!-- testng.BasicAnnotationTesting -->
