<?xml version="1.0" encoding="UTF-8"?>
<!-- Generated by org.testng.reporters.JUnitReportReporter -->
<testsuite hostname="RAMs-MBP" failures="0" tests="2" name="testng.AutomationWithTestNG1" time="17.315" errors="0" timestamp="2023-12-13T17:38:27 EST" skipped="0">
  <testcase classname="testng.AutomationWithTestNG1" name="automationTestNG1" time="9.750"/>
  <testcase classname="testng.AutomationWithTestNG1" name="automationTestNG" time="7.565"/>
</testsuite> <!-- testng.AutomationWithTestNG1 -->
